2022-08-30T01:20:49.701Z - error: [main] Error looking for toast activator CLSID in shortcut /home/foundanerror/AppData/Roaming/Microsoft/Windows/Start Menu/Programs/GitHub, Inc/GitHub Desktop.lnk
TypeError: i.shell.readShortcutLink is not a function
    at Q (/home/foundanerror/webpack:/[name]/app/src/lib/find-toast-activator-clsid.ts:38:29)
    at /home/foundanerror/webpack:/[name]/app/src/lib/find-toast-activator-clsid.ts:26:33
    at /home/foundanerror/webpack:/[name]/app/src/main-process/notifications.ts:23:32
    at /home/foundanerror/webpack:/[name]/app/src/main-process/main.ts:719:55
    at Object.<anonymous> (/home/foundanerror/webpack:/[name]/app/src/main-process/main.ts:719:55)
    at Module._compile (node:internal/modules/cjs/loader:1116:14)
    at Object.Module._extensions..js (node:internal/modules/cjs/loader:1169:10)
    at Module.load (node:internal/modules/cjs/loader:988:32)
    at Module._load (node:internal/modules/cjs/loader:829:12)
    at Function.c._load (node:electron/js2c/asar_bundle:5:13331)
2022-08-30T01:20:49.707Z - error: [main] Error looking for toast activator CLSID in shortcut /home/foundanerror/Desktop/GitHub Desktop.lnk
TypeError: i.shell.readShortcutLink is not a function
    at Q (/home/foundanerror/webpack:/[name]/app/src/lib/find-toast-activator-clsid.ts:38:29)
    at /home/foundanerror/webpack:/[name]/app/src/lib/find-toast-activator-clsid.ts:26:33
    at /home/foundanerror/webpack:/[name]/app/src/main-process/notifications.ts:23:32
    at /home/foundanerror/webpack:/[name]/app/src/main-process/main.ts:719:55
    at Object.<anonymous> (/home/foundanerror/webpack:/[name]/app/src/main-process/main.ts:719:55)
    at Module._compile (node:internal/modules/cjs/loader:1116:14)
    at Object.Module._extensions..js (node:internal/modules/cjs/loader:1169:10)
    at Module.load (node:internal/modules/cjs/loader:988:32)
    at Module._load (node:internal/modules/cjs/loader:829:12)
    at Function.c._load (node:electron/js2c/asar_bundle:5:13331)
2022-08-30T01:20:49.707Z - error: [main] Toast activator CLSID not found in any of the shortucts. Falling back to known CLSIDs.
2022-08-30T01:20:49.707Z - info: [main] Using toast activator CLSID {27D44D0C-A542-5B90-BCDB-AC3126048BA2}
2022-08-30T01:20:49.999Z - info: [ui] [AppStore] loading 0 repositories from store
2022-08-30T01:20:50.064Z - info: [ui] launching: 3.0.5-linux1 (Linux 5.18.16-arch1-1)
2022-08-30T01:20:50.071Z - info: [ui] execPath: '/opt/github-desktop/github-desktop'
2022-08-30T01:20:50.112Z - info: [ui] [Welcome] no sign in step found. ignoring...
2022-08-30T01:20:50.149Z - info: [ui] [Welcome] no sign in step found. ignoring...
2022-08-30T01:20:50.191Z - info: [ui] Opt in reported.
2022-08-30T01:20:50.191Z - info: [ui] [Welcome] no sign in step found. ignoring...
2022-08-30T01:20:50.191Z - info: [ui] [Welcome] no sign in step found. ignoring...
2022-08-30T01:20:50.200Z - info: [ui] [Welcome] no sign in step found. ignoring...
2022-08-30T01:20:50.262Z - info: [ui] [Welcome] no sign in step found. ignoring...
2022-08-30T01:20:50.263Z - info: [ui] [Welcome] no sign in step found. ignoring...
2022-08-30T01:20:50.601Z - info: [ui] [Welcome] no sign in step found. ignoring...
2022-08-30T01:20:51.349Z - info: [ui] [Welcome] advancing to step: SignInToDotComWithBrowser
2022-08-30T01:20:51.355Z - info: [ui] [SignInStore] initializing OAuth flow
2022-08-30T01:20:51.355Z - info: [main] opening in browser: https://github.com/login/oauth/authorize?client_id=3a723b10ac5575cc5bb9&scope=repo%20user%20workflow&state=8bc01885-1050-41c0-b8ba-f4eb58dd2094
2022-08-30T01:20:51.355Z - info: [ui] [Welcome] current sign in state not found. ignoring...
2022-08-30T01:20:51.570Z - info: [ui] [Welcome] kind Authentication is the same as Authentication. ignoring...
2022-08-30T01:20:51.576Z - info: [ui] [Welcome] kind Authentication is the same as Authentication. ignoring...
2022-08-30T01:20:52.000Z - info: [ui] [Welcome] kind Authentication is the same as Authentication. ignoring...
2022-08-30T01:20:52.011Z - info: [ui] [Welcome] kind Authentication is the same as Authentication. ignoring...
2022-08-30T01:20:56.192Z - info: [ui] [Welcome] kind Authentication is the same as Authentication. ignoring...
2022-08-30T01:20:56.232Z - info: [main] Received possible protocol arguments: 4
2022-08-30T01:20:56.233Z - info: [main] Processing protocol url
2022-08-30T01:20:56.233Z - info: [ui] [Dispatcher] requesting authenticated user
2022-08-30T01:20:56.242Z - info: [ui] [Welcome] kind Authentication is the same as Authentication. ignoring...
2022-08-30T01:20:56.777Z - info: [ui] [SignInStore] account resolved
2022-08-30T01:20:56.777Z - info: [ui] [AppStore] adding account foundanerror (foundanerror) to store
2022-08-30T01:20:56.793Z - info: [ui] [Welcome] advancing to step: ConfigureGit
2022-08-30T01:20:56.834Z - info: [ui] [Welcome] no sign in step found. ignoring...
2022-08-30T01:20:56.891Z - info: [ui] [Welcome] no sign in step found. ignoring...
2022-08-30T01:20:56.894Z - info: [ui] [Welcome] no sign in step found. ignoring...
2022-08-30T01:21:05.813Z - info: [ui] [Welcome] no sign in step found. ignoring...
2022-08-30T01:21:05.859Z - info: [ui] [Welcome] no sign in step found. ignoring...
2022-08-30T01:21:05.945Z - info: [ui] Subscribed 'foundanerror' to Alive channel
2022-08-30T01:21:06.394Z - info: [ui] [Welcome] no sign in step found. ignoring...
2022-08-30T01:22:00.146Z - info: [ui] [AppStore.getAccountForRemoteURL] account found for remote: https://github.com/foundanerror/Arch-Config-Files.git - foundanerror (has token)
2022-08-30T01:22:00.371Z - info: [ui] [AppStore] adding repository at /home/foundanerror/GitHub/Arch-Config-Files to store
