Code - OSS (1.70.0, undefined, desktop)
Jupyter Extension Version: 2022.8.1002170547.
Python Extension Version: 2022.12.0.
Workspace folder /home/foundanerror/Documents/Learning Python
info 1:8:44.68: ZMQ install verified.
error 1:8:44.504: Failure during activation. [Error: Extension 'ms-toolsai.jupyter' CANNOT use API proposal: notebookCellExecutionState.
Its package.json#enabledApiProposals-property declares:  but NOT notebookCellExecutionState.
 The missing proposal MUST be added and you must start in extension development mode or use the following command line switch: --enable-proposed-api ms-toolsai.jupyter
	at g (/usr/lib/code/out/vs/workbench/api/node/extensionHostProcess.js:83:68123)
	at d.onDidChangeNotebookCellExecutionState (/usr/lib/code/out/vs/workbench/api/node/extensionHostProcess.js:106:52770)
	at new f (/home/foundanerror/.vscode-oss/extensions/ms-toolsai.jupyter-2022.8.1002170547/out/extension.node.js:2:308606)
	at Object.t.resolveInstance (/home/foundanerror/.vscode-oss/extensions/ms-toolsai.jupyter-2022.8.1002170547/out/extension.node.js:17:1395108)
	at /home/foundanerror/.vscode-oss/extensions/ms-toolsai.jupyter-2022.8.1002170547/out/extension.node.js:17:1397046
	at /home/foundanerror/.vscode-oss/extensions/ms-toolsai.jupyter-2022.8.1002170547/out/extension.node.js:17:1395964
	at Array.map (<anonymous>)
	at /home/foundanerror/.vscode-oss/extensions/ms-toolsai.jupyter-2022.8.1002170547/out/extension.node.js:17:1395936
	at Array.map (<anonymous>)
	at Object.t.resolveInstance (/home/foundanerror/.vscode-oss/extensions/ms-toolsai.jupyter-2022.8.1002170547/out/extension.node.js:17:1394882)
	at /home/foundanerror/.vscode-oss/extensions/ms-toolsai.jupyter-2022.8.1002170547/out/extension.node.js:17:1397046
	at Object.t.resolve (/home/foundanerror/.vscode-oss/extensions/ms-toolsai.jupyter-2022.8.1002170547/out/extension.node.js:17:1397309)
	at /home/foundanerror/.vscode-oss/extensions/ms-toolsai.jupyter-2022.8.1002170547/out/extension.node.js:17:1380722
	at e._get (/home/foundanerror/.vscode-oss/extensions/ms-toolsai.jupyter-2022.8.1002170547/out/extension.node.js:17:1380488)
	at e.get (/home/foundanerror/.vscode-oss/extensions/ms-toolsai.jupyter-2022.8.1002170547/out/extension.node.js:17:1379131)
	at a.get (/home/foundanerror/.vscode-oss/extensions/ms-toolsai.jupyter-2022.8.1002170547/out/extension.node.js:17:48723)
	at /home/foundanerror/.vscode-oss/extensions/ms-toolsai.jupyter-2022.8.1002170547/out/extension.node.js:17:2933890]
error 1:8:44.514: sendStartupTelemetry() failed. [Error: Extension 'ms-toolsai.jupyter' CANNOT use API proposal: notebookCellExecutionState.
Its package.json#enabledApiProposals-property declares:  but NOT notebookCellExecutionState.
 The missing proposal MUST be added and you must start in extension development mode or use the following command line switch: --enable-proposed-api ms-toolsai.jupyter
	at g (/usr/lib/code/out/vs/workbench/api/node/extensionHostProcess.js:83:68123)
	at d.onDidChangeNotebookCellExecutionState (/usr/lib/code/out/vs/workbench/api/node/extensionHostProcess.js:106:52770)
	at new f (/home/foundanerror/.vscode-oss/extensions/ms-toolsai.jupyter-2022.8.1002170547/out/extension.node.js:2:308606)
	at Object.t.resolveInstance (/home/foundanerror/.vscode-oss/extensions/ms-toolsai.jupyter-2022.8.1002170547/out/extension.node.js:17:1395108)
	at /home/foundanerror/.vscode-oss/extensions/ms-toolsai.jupyter-2022.8.1002170547/out/extension.node.js:17:1397046
	at /home/foundanerror/.vscode-oss/extensions/ms-toolsai.jupyter-2022.8.1002170547/out/extension.node.js:17:1395964
	at Array.map (<anonymous>)
	at /home/foundanerror/.vscode-oss/extensions/ms-toolsai.jupyter-2022.8.1002170547/out/extension.node.js:17:1395936
	at Array.map (<anonymous>)
	at Object.t.resolveInstance (/home/foundanerror/.vscode-oss/extensions/ms-toolsai.jupyter-2022.8.1002170547/out/extension.node.js:17:1394882)
	at /home/foundanerror/.vscode-oss/extensions/ms-toolsai.jupyter-2022.8.1002170547/out/extension.node.js:17:1397046
	at Object.t.resolve (/home/foundanerror/.vscode-oss/extensions/ms-toolsai.jupyter-2022.8.1002170547/out/extension.node.js:17:1397309)
	at /home/foundanerror/.vscode-oss/extensions/ms-toolsai.jupyter-2022.8.1002170547/out/extension.node.js:17:1380722
	at e._get (/home/foundanerror/.vscode-oss/extensions/ms-toolsai.jupyter-2022.8.1002170547/out/extension.node.js:17:1380488)
	at e.get (/home/foundanerror/.vscode-oss/extensions/ms-toolsai.jupyter-2022.8.1002170547/out/extension.node.js:17:1379131)
	at a.get (/home/foundanerror/.vscode-oss/extensions/ms-toolsai.jupyter-2022.8.1002170547/out/extension.node.js:17:48723)
	at /home/foundanerror/.vscode-oss/extensions/ms-toolsai.jupyter-2022.8.1002170547/out/extension.node.js:17:2933890]
error 1:8:44.514: extension activation failed [Error: Extension 'ms-toolsai.jupyter' CANNOT use API proposal: notebookCellExecutionState.
Its package.json#enabledApiProposals-property declares:  but NOT notebookCellExecutionState.
 The missing proposal MUST be added and you must start in extension development mode or use the following command line switch: --enable-proposed-api ms-toolsai.jupyter
	at g (/usr/lib/code/out/vs/workbench/api/node/extensionHostProcess.js:83:68123)
	at d.onDidChangeNotebookCellExecutionState (/usr/lib/code/out/vs/workbench/api/node/extensionHostProcess.js:106:52770)
	at new f (/home/foundanerror/.vscode-oss/extensions/ms-toolsai.jupyter-2022.8.1002170547/out/extension.node.js:2:308606)
	at Object.t.resolveInstance (/home/foundanerror/.vscode-oss/extensions/ms-toolsai.jupyter-2022.8.1002170547/out/extension.node.js:17:1395108)
	at /home/foundanerror/.vscode-oss/extensions/ms-toolsai.jupyter-2022.8.1002170547/out/extension.node.js:17:1397046
	at /home/foundanerror/.vscode-oss/extensions/ms-toolsai.jupyter-2022.8.1002170547/out/extension.node.js:17:1395964
	at Array.map (<anonymous>)
	at /home/foundanerror/.vscode-oss/extensions/ms-toolsai.jupyter-2022.8.1002170547/out/extension.node.js:17:1395936
	at Array.map (<anonymous>)
	at Object.t.resolveInstance (/home/foundanerror/.vscode-oss/extensions/ms-toolsai.jupyter-2022.8.1002170547/out/extension.node.js:17:1394882)
	at /home/foundanerror/.vscode-oss/extensions/ms-toolsai.jupyter-2022.8.1002170547/out/extension.node.js:17:1397046
	at Object.t.resolve (/home/foundanerror/.vscode-oss/extensions/ms-toolsai.jupyter-2022.8.1002170547/out/extension.node.js:17:1397309)
	at /home/foundanerror/.vscode-oss/extensions/ms-toolsai.jupyter-2022.8.1002170547/out/extension.node.js:17:1380722
	at e._get (/home/foundanerror/.vscode-oss/extensions/ms-toolsai.jupyter-2022.8.1002170547/out/extension.node.js:17:1380488)
	at e.get (/home/foundanerror/.vscode-oss/extensions/ms-toolsai.jupyter-2022.8.1002170547/out/extension.node.js:17:1379131)
	at a.get (/home/foundanerror/.vscode-oss/extensions/ms-toolsai.jupyter-2022.8.1002170547/out/extension.node.js:17:48723)
	at /home/foundanerror/.vscode-oss/extensions/ms-toolsai.jupyter-2022.8.1002170547/out/extension.node.js:17:2933890]
error 1:8:44.515: Failed to active the Jupyter Extension [Error: Extension 'ms-toolsai.jupyter' CANNOT use API proposal: notebookCellExecutionState.
Its package.json#enabledApiProposals-property declares:  but NOT notebookCellExecutionState.
 The missing proposal MUST be added and you must start in extension development mode or use the following command line switch: --enable-proposed-api ms-toolsai.jupyter
	at g (/usr/lib/code/out/vs/workbench/api/node/extensionHostProcess.js:83:68123)
	at d.onDidChangeNotebookCellExecutionState (/usr/lib/code/out/vs/workbench/api/node/extensionHostProcess.js:106:52770)
	at new f (/home/foundanerror/.vscode-oss/extensions/ms-toolsai.jupyter-2022.8.1002170547/out/extension.node.js:2:308606)
	at Object.t.resolveInstance (/home/foundanerror/.vscode-oss/extensions/ms-toolsai.jupyter-2022.8.1002170547/out/extension.node.js:17:1395108)
	at /home/foundanerror/.vscode-oss/extensions/ms-toolsai.jupyter-2022.8.1002170547/out/extension.node.js:17:1397046
	at /home/foundanerror/.vscode-oss/extensions/ms-toolsai.jupyter-2022.8.1002170547/out/extension.node.js:17:1395964
	at Array.map (<anonymous>)
	at /home/foundanerror/.vscode-oss/extensions/ms-toolsai.jupyter-2022.8.1002170547/out/extension.node.js:17:1395936
	at Array.map (<anonymous>)
	at Object.t.resolveInstance (/home/foundanerror/.vscode-oss/extensions/ms-toolsai.jupyter-2022.8.1002170547/out/extension.node.js:17:1394882)
	at /home/foundanerror/.vscode-oss/extensions/ms-toolsai.jupyter-2022.8.1002170547/out/extension.node.js:17:1397046
	at Object.t.resolve (/home/foundanerror/.vscode-oss/extensions/ms-toolsai.jupyter-2022.8.1002170547/out/extension.node.js:17:1397309)
	at /home/foundanerror/.vscode-oss/extensions/ms-toolsai.jupyter-2022.8.1002170547/out/extension.node.js:17:1380722
	at e._get (/home/foundanerror/.vscode-oss/extensions/ms-toolsai.jupyter-2022.8.1002170547/out/extension.node.js:17:1380488)
	at e.get (/home/foundanerror/.vscode-oss/extensions/ms-toolsai.jupyter-2022.8.1002170547/out/extension.node.js:17:1379131)
	at a.get (/home/foundanerror/.vscode-oss/extensions/ms-toolsai.jupyter-2022.8.1002170547/out/extension.node.js:17:48723)
	at /home/foundanerror/.vscode-oss/extensions/ms-toolsai.jupyter-2022.8.1002170547/out/extension.node.js:17:2933890]
info 1:9:7.827: Shutting down notebooks for eef53a9f-a65b-4ac8-8c94-470efd4b520c
info 1:9:7.827: Disposing HostJupyterExecution 8ef3bd4d-c0b7-4c7d-b290-8128e9155b98
info 1:9:7.827: Disposing super HostJupyterExecution 8ef3bd4d-c0b7-4c7d-b290-8128e9155b98
info 1:9:7.827: Disposing HostJupyterExecution 8ef3bd4d-c0b7-4c7d-b290-8128e9155b98
info 1:9:7.827: Finished disposing HostJupyterExecution  8ef3bd4d-c0b7-4c7d-b290-8128e9155b98
info 1:9:7.827: Cleaning up server cache 8ef3bd4d-c0b7-4c7d-b290-8128e9155b98
info 1:9:7.828: Finished disposing HostJupyterExecution  8ef3bd4d-c0b7-4c7d-b290-8128e9155b98
