[2022-08-13T01:33:51.868Z] Log level: Info
[2022-08-13T01:33:51.869Z] [info] Validating found git in: git
[2022-08-13T01:33:51.900Z] [info] Using git 2.37.1 from git
[2022-08-13T01:33:51.915Z] > git rev-parse --show-toplevel [5ms]
[2022-08-13T01:33:51.915Z] fatal: not a git repository (or any of the parent directories): .git
[2022-08-13T01:33:51.923Z] > git rev-parse --show-toplevel [0ms]
[2022-08-13T01:33:51.923Z] fatal: not a git repository (or any of the parent directories): .git
[2022-08-13T01:33:51.927Z] > git rev-parse --show-toplevel [1ms]
[2022-08-13T01:33:51.927Z] fatal: not a git repository (or any of the parent directories): .git
[2022-08-13T01:33:51.952Z] > git rev-parse --show-toplevel [22ms]
[2022-08-13T01:33:51.952Z] fatal: not a git repository (or any of the parent directories): .git
[2022-08-13T01:33:51.960Z] > git rev-parse --show-toplevel [5ms]
[2022-08-13T01:33:51.960Z] fatal: not a git repository (or any of the parent directories): .git
[2022-08-13T01:33:51.965Z] > git rev-parse --show-toplevel [1ms]
[2022-08-13T01:33:51.965Z] fatal: not a git repository (or any of the parent directories): .git
[2022-08-13T01:33:51.970Z] > git rev-parse --show-toplevel [1ms]
[2022-08-13T01:33:51.970Z] fatal: not a git repository (or any of the parent directories): .git
[2022-08-13T01:33:51.976Z] > git rev-parse --show-toplevel [1ms]
[2022-08-13T01:33:51.976Z] fatal: not a git repository (or any of the parent directories): .git
[2022-08-13T01:33:51.990Z] > git rev-parse --show-toplevel [2ms]
[2022-08-13T01:33:51.990Z] fatal: not a git repository (or any of the parent directories): .git
[2022-08-13T01:33:51.996Z] > git rev-parse --show-toplevel [1ms]
[2022-08-13T01:33:51.996Z] fatal: not a git repository (or any of the parent directories): .git
[2022-08-13T01:33:52.005Z] > git rev-parse --show-toplevel [6ms]
[2022-08-13T01:33:52.005Z] fatal: not a git repository (or any of the parent directories): .git
[2022-08-13T01:33:52.011Z] > git rev-parse --show-toplevel [1ms]
[2022-08-13T01:33:52.011Z] fatal: not a git repository (or any of the parent directories): .git
[2022-08-13T01:33:52.016Z] > git rev-parse --show-toplevel [0ms]
[2022-08-13T01:33:52.016Z] fatal: not a git repository (or any of the parent directories): .git
[2022-08-13T01:33:52.022Z] > git rev-parse --show-toplevel [1ms]
[2022-08-13T01:33:52.022Z] fatal: not a git repository (or any of the parent directories): .git
[2022-08-13T01:33:52.026Z] > git rev-parse --show-toplevel [1ms]
[2022-08-13T01:33:52.026Z] fatal: not a git repository (or any of the parent directories): .git
[2022-08-13T01:33:52.032Z] > git rev-parse --show-toplevel [1ms]
[2022-08-13T01:33:52.032Z] fatal: not a git repository (or any of the parent directories): .git
[2022-08-13T01:33:52.040Z] > git rev-parse --show-toplevel [2ms]
[2022-08-13T01:33:52.040Z] fatal: not a git repository (or any of the parent directories): .git
[2022-08-13T01:33:52.045Z] > git rev-parse --show-toplevel [1ms]
[2022-08-13T01:33:52.045Z] fatal: not a git repository (or any of the parent directories): .git
[2022-08-13T01:33:52.049Z] > git rev-parse --show-toplevel [1ms]
[2022-08-13T01:33:52.049Z] fatal: not a git repository (or any of the parent directories): .git
[2022-08-13T01:33:52.054Z] > git rev-parse --show-toplevel [0ms]
[2022-08-13T01:33:52.054Z] fatal: not a git repository (or any of the parent directories): .git
[2022-08-13T01:33:52.058Z] > git rev-parse --show-toplevel [1ms]
[2022-08-13T01:33:52.058Z] fatal: not a git repository (or any of the parent directories): .git
[2022-08-13T01:33:52.063Z] > git rev-parse --show-toplevel [1ms]
[2022-08-13T01:33:52.063Z] fatal: not a git repository (or any of the parent directories): .git
[2022-08-13T01:33:52.066Z] > git rev-parse --show-toplevel [0ms]
[2022-08-13T01:33:52.066Z] fatal: not a git repository (or any of the parent directories): .git
[2022-08-13T01:33:52.072Z] > git rev-parse --show-toplevel [1ms]
[2022-08-13T01:33:52.072Z] fatal: not a git repository (or any of the parent directories): .git
[2022-08-13T01:33:52.076Z] > git rev-parse --show-toplevel [1ms]
[2022-08-13T01:33:52.076Z] fatal: not a git repository (or any of the parent directories): .git
[2022-08-13T01:33:52.081Z] > git rev-parse --show-toplevel [1ms]
[2022-08-13T01:33:52.081Z] fatal: not a git repository (or any of the parent directories): .git
[2022-08-13T01:33:52.088Z] > git rev-parse --show-toplevel [1ms]
[2022-08-13T01:33:52.088Z] fatal: not a git repository (or any of the parent directories): .git
[2022-08-13T01:33:52.093Z] > git rev-parse --show-toplevel [1ms]
[2022-08-13T01:33:52.093Z] fatal: not a git repository (or any of the parent directories): .git
[2022-08-13T01:33:52.611Z] > git rev-parse --show-toplevel [1ms]
[2022-08-13T01:33:52.611Z] fatal: not a git repository (or any of the parent directories): .git
[2022-08-13T01:39:18.243Z] > git rev-parse --show-toplevel [1ms]
[2022-08-13T01:39:18.243Z] fatal: not a git repository (or any of the parent directories): .git
[2022-08-13T01:39:39.536Z] > git rev-parse --show-toplevel [8ms]
[2022-08-13T01:39:39.536Z] fatal: not a git repository (or any of the parent directories): .git
[2022-08-13T01:39:53.228Z] > git rev-parse --show-toplevel [0ms]
[2022-08-13T01:39:53.228Z] fatal: not a git repository (or any of the parent directories): .git
[2022-08-13T01:40:07.603Z] > git rev-parse --show-toplevel [1ms]
[2022-08-13T01:40:07.603Z] fatal: not a git repository (or any of the parent directories): .git
[2022-08-13T01:40:11.625Z] > git rev-parse --show-toplevel [2ms]
[2022-08-13T01:40:11.625Z] fatal: not a git repository (or any of the parent directories): .git
[2022-08-13T01:40:15.782Z] > git rev-parse --show-toplevel [2ms]
[2022-08-13T01:40:15.782Z] fatal: not a git repository (or any of the parent directories): .git
[2022-08-13T01:40:31.496Z] > git rev-parse --show-toplevel [3ms]
[2022-08-13T01:40:31.496Z] fatal: not a git repository (or any of the parent directories): .git
[2022-08-13T01:41:05.785Z] > git rev-parse --show-toplevel [1ms]
[2022-08-13T01:41:05.785Z] fatal: not a git repository (or any of the parent directories): .git
[2022-08-13T01:41:10.935Z] > git rev-parse --show-toplevel [1ms]
[2022-08-13T01:41:10.935Z] fatal: not a git repository (or any of the parent directories): .git
[2022-08-13T01:41:13.947Z] > git rev-parse --show-toplevel [4ms]
[2022-08-13T01:41:13.947Z] fatal: not a git repository (or any of the parent directories): .git
[2022-08-13T01:41:23.530Z] > git rev-parse --show-toplevel [1ms]
[2022-08-13T01:41:23.530Z] fatal: not a git repository (or any of the parent directories): .git
[2022-08-13T01:49:39.772Z] > git rev-parse --show-toplevel [2ms]
[2022-08-13T01:49:39.772Z] fatal: not a git repository (or any of the parent directories): .git
[2022-08-13T01:51:59.669Z] > git rev-parse --show-toplevel [1ms]
[2022-08-13T01:51:59.669Z] fatal: not a git repository (or any of the parent directories): .git
[2022-08-13T01:56:18.362Z] > git rev-parse --show-toplevel [25ms]
[2022-08-13T01:56:18.362Z] fatal: not a git repository (or any of the parent directories): .git
[2022-08-13T01:57:58.949Z] > git rev-parse --show-toplevel [1ms]
[2022-08-13T01:57:58.949Z] fatal: not a git repository (or any of the parent directories): .git
[2022-08-13T02:03:22.585Z] > git rev-parse --show-toplevel [21ms]
[2022-08-13T02:03:22.585Z] fatal: not a git repository (or any of the parent directories): .git
[2022-08-13T02:03:39.751Z] > git rev-parse --show-toplevel [0ms]
[2022-08-13T02:03:39.751Z] fatal: not a git repository (or any of the parent directories): .git
[2022-08-13T02:03:45.253Z] > git rev-parse --show-toplevel [1ms]
[2022-08-13T02:03:45.253Z] fatal: not a git repository (or any of the parent directories): .git
[2022-08-13T02:03:50.611Z] > git rev-parse --show-toplevel [1ms]
[2022-08-13T02:03:50.611Z] fatal: not a git repository (or any of the parent directories): .git
[2022-08-13T02:06:21.222Z] > git rev-parse --show-toplevel [2ms]
[2022-08-13T02:06:21.222Z] fatal: not a git repository (or any of the parent directories): .git
[2022-08-13T02:08:09.756Z] > git rev-parse --show-toplevel [23ms]
[2022-08-13T02:08:09.757Z] fatal: not a git repository (or any of the parent directories): .git
[2022-08-13T02:11:42.911Z] > git rev-parse --show-toplevel [34ms]
[2022-08-13T02:11:42.911Z] fatal: not a git repository (or any of the parent directories): .git
