[2022-08-12 21:30:16.104] [exthost] [info] Extension host with pid 2670 started
[2022-08-12 21:30:16.104] [exthost] [info] Skipping acquiring lock for /home/foundanerror/.config/Code - OSS/User/workspaceStorage/c69e132df041dbcb05c033f8719b09cd.
[2022-08-12 21:30:16.526] [exthost] [info] ExtensionService#_doActivateExtension ms-python.python, startup: false, activationEvent: 'onLanguage:python'
[2022-08-12 21:30:16.627] [exthost] [info] ExtensionService#_doActivateExtension ms-toolsai.jupyter, startup: false, activationEvent: 'onLanguage:python'
[2022-08-12 21:30:16.778] [exthost] [info] ExtensionService#_doActivateExtension vscode.debug-auto-launch, startup: true, activationEvent: '*'
[2022-08-12 21:30:16.780] [exthost] [info] ExtensionService#_doActivateExtension vscode.git-base, startup: true, activationEvent: '*', root cause: vscode.git
[2022-08-12 21:30:16.782] [exthost] [info] ExtensionService#_doActivateExtension vscode.ipynb, startup: true, activationEvent: '*'
[2022-08-12 21:30:16.788] [exthost] [info] ExtensionService#_doActivateExtension dlasagno.wal-theme, startup: true, activationEvent: '*'
[2022-08-12 21:30:17.554] [exthost] [info] ExtensionService#_doActivateExtension vscode.git, startup: true, activationEvent: '*'
[2022-08-12 21:30:17.588] [exthost] [info] ExtensionService#_doActivateExtension vscode.github, startup: true, activationEvent: '*'
[2022-08-12 21:30:17.803] [exthost] [info] Eager extensions activated
[2022-08-12 21:30:17.855] [exthost] [info] ExtensionService#_doActivateExtension vscode.emmet, startup: false, activationEvent: 'onStartupFinished'
[2022-08-12 21:30:17.867] [exthost] [info] ExtensionService#_doActivateExtension vscode.merge-conflict, startup: false, activationEvent: 'onStartupFinished'
[2022-08-12 21:31:31.477] [exthost] [info] Extension host terminating: received terminate message from renderer
[2022-08-12 21:31:31.501] [exthost] [info] Extension host with pid 2670 exiting with code 0
[2022-08-12 21:31:34.178] [exthost] [info] Extension host with pid 3995 started
[2022-08-12 21:31:34.178] [exthost] [info] Skipping acquiring lock for /home/foundanerror/.config/Code - OSS/User/workspaceStorage/bec29ea585b9d2b7ea4b91b3af2d3921.
[2022-08-12 21:31:34.294] [exthost] [info] ExtensionService#_doActivateExtension vscode.debug-auto-launch, startup: true, activationEvent: '*'
[2022-08-12 21:31:34.297] [exthost] [info] ExtensionService#_doActivateExtension vscode.git-base, startup: true, activationEvent: '*'
[2022-08-12 21:31:34.299] [exthost] [info] ExtensionService#_doActivateExtension vscode.ipynb, startup: true, activationEvent: '*'
[2022-08-12 21:31:34.331] [exthost] [info] ExtensionService#_doActivateExtension vscode.github, startup: true, activationEvent: '*'
[2022-08-12 21:31:34.539] [exthost] [info] Eager extensions activated
[2022-08-12 21:31:34.577] [exthost] [info] ExtensionService#_doActivateExtension vscode.emmet, startup: false, activationEvent: 'onStartupFinished'
[2022-08-12 21:31:34.593] [exthost] [info] ExtensionService#_doActivateExtension vscode.merge-conflict, startup: false, activationEvent: 'onStartupFinished'
[2022-08-12 21:31:34.598] [exthost] [info] ExtensionService#_doActivateExtension vscode.git, startup: false, activationEvent: 'api', root cause: vscode.github
[2022-08-12 21:31:34.627] [exthost] [info] ExtensionService#_doActivateExtension dlasagno.wal-theme, startup: false, activationEvent: '*'
